2026-03-12 13:59:13.346 | INFO     | __main__:main:10 - Server time: {'serverTime': 1773295154089}
2026-03-12 13:59:13.777 | INFO     | __main__:main:13 - Exchange timezone: UTC
2026-03-12 13:59:14.029 | INFO     | __main__:main:16 - Fetched 5 klines for BTCUSDT
2026-03-12 13:59:14.029 | INFO     | __main__:main:19 - Kline 1: [1773295146000, '69420.37000000', '69420.37000000', '69420.37000000', '69420.37000000', '0.00000000', 1773295146999, '0.00000000', 0, '0.00000000', '0.00000000', '0']
2026-03-12 13:59:14.030 | INFO     | __main__:main:19 - Kline 2: [1773295147000, '69420.37000000', '69420.37000000', '69420.37000000', '69420.37000000', '0.00000000', 1773295147999, '0.00000000', 0, '0.00000000', '0.00000000', '0']
2026-03-12 13:59:14.030 | INFO     | __main__:main:19 - Kline 3: [1773295148000, '69420.37000000', '69420.37000000', '69420.37000000', '69420.37000000', '0.00144000', 1773295148999, '99.96533280', 1, '0.00144000', '99.96533280', '0']
2026-03-12 13:59:14.032 | INFO     | __main__:main:19 - Kline 4: [1773295149000, '69420.37000000', '69420.37000000', '69420.37000000', '69420.37000000', '0.00065000', 1773295149999, '45.12324050', 1, '0.00065000', '45.12324050', '0']
2026-03-12 13:59:14.032 | INFO     | __main__:main:19 - Kline 5: [1773295150000, '69420.37000000', '69420.37000000', '69420.37000000', '69420.37000000', '0.00000000', 1773295150999, '0.00000000', 0, '0.00000000', '0.00000000', '0']
2026-03-12 18:44:10.471 | INFO     | __main__:download_klines:88 - Batch 1: fetched 1000 klines, last_open_time=1773311446000
2026-03-12 18:44:10.988 | INFO     | __main__:download_klines:88 - Batch 2: fetched 800 klines, last_open_time=1773312246000
2026-03-12 18:44:11.369 | INFO     | __main__:download_klines:80 - No more klines returned, stopping download.
2026-03-12 18:44:11.425 | INFO     | __main__:download_klines:102 - Saved 1800 klines to data/btcusdt_1s_last_30min.csv
2026-03-12 18:44:11.432 | INFO     | __main__:main:120 -        open_time      open      high       low     close   volume     close_time  quote_volume  trade_count  taker_buy_base_volume  taker_buy_quote_volume ignore             open_datetime                   close_datetime
0  1773310447000  69909.11  69909.11  69909.11  69909.11  0.00000  1773310447999      0.000000            0                0.00000                0.000000      0 2026-03-12 10:14:07+00:00 2026-03-12 10:14:07.999000+00:00
1  1773310448000  69909.11  69909.11  69909.11  69909.11  0.00000  1773310448999      0.000000            0                0.00000                0.000000      0 2026-03-12 10:14:08+00:00 2026-03-12 10:14:08.999000+00:00
2  1773310449000  69909.11  69909.11  69909.11  69909.11  0.00143  1773310449999     99.970027            1                0.00143               99.970027      0 2026-03-12 10:14:09+00:00 2026-03-12 10:14:09.999000+00:00
3  1773310450000  69909.10  69924.51  69909.10  69924.51  0.03003  1773310450999   2099.810999            2                0.00000                0.000000      0 2026-03-12 10:14:10+00:00 2026-03-12 10:14:10.999000+00:00
4  1773310451000  69924.51  69924.51  69924.51  69924.51  0.08235  1773310451999   5758.283398            2                0.00000                0.000000      0 2026-03-12 10:14:11+00:00 2026-03-12 10:14:11.999000+00:00
2026-03-12 18:44:11.437 | INFO     | __main__:main:121 -           open_time      open      high       low     close   volume     close_time  quote_volume  trade_count  taker_buy_base_volume  taker_buy_quote_volume ignore             open_datetime                   close_datetime
1795  1773312242000  70377.11  70377.11  70377.11  70377.11  0.00000  1773312242999      0.000000            0                    0.0                     0.0      0 2026-03-12 10:44:02+00:00 2026-03-12 10:44:02.999000+00:00
1796  1773312243000  70377.11  70377.11  70377.11  70377.11  0.00000  1773312243999      0.000000            0                    0.0                     0.0      0 2026-03-12 10:44:03+00:00 2026-03-12 10:44:03.999000+00:00
1797  1773312244000  70377.11  70377.11  70377.11  70377.11  0.00000  1773312244999      0.000000            0                    0.0                     0.0      0 2026-03-12 10:44:04+00:00 2026-03-12 10:44:04.999000+00:00
1798  1773312245000  70377.11  70377.11  70377.11  70377.11  0.00000  1773312245999      0.000000            0                    0.0                     0.0      0 2026-03-12 10:44:05+00:00 2026-03-12 10:44:05.999000+00:00
1799  1773312246000  70377.11  70377.11  70377.11  70377.11  0.05289  1773312246999   3722.245348            1                    0.0                     0.0      0 2026-03-12 10:44:06+00:00 2026-03-12 10:44:06.999000+00:00
2026-03-12 19:44:16.282 | INFO     | __main__:download_klines:88 - Batch 1: fetched 1000 klines, last_open_time=1773315047000
2026-03-12 19:44:19.196 | INFO     | __main__:download_klines:88 - Batch 2: fetched 800 klines, last_open_time=1773315847000
2026-03-12 19:44:20.050 | INFO     | __main__:download_klines:80 - No more klines returned, stopping download.
2026-03-12 19:44:20.108 | INFO     | __main__:download_klines:102 - Saved 1800 klines to data/btcusdt_1s_last_30min.csv
2026-03-12 19:44:20.116 | INFO     | __main__:main:120 -        open_time      open      high       low     close   volume     close_time   quote_volume  trade_count  taker_buy_base_volume  taker_buy_quote_volume ignore             open_datetime                   close_datetime
0  1773314048000  70398.93  70398.94  70398.93  70398.93  0.02329  1773314048999    1639.591083            7                0.00029               20.415693      0 2026-03-12 11:14:08+00:00 2026-03-12 11:14:08.999000+00:00
1  1773314049000  70398.93  70413.92  70398.93  70413.92  1.50301  1773314049999  105814.937694          373                1.50285           105803.673865      0 2026-03-12 11:14:09+00:00 2026-03-12 11:14:09.999000+00:00
2  1773314050000  70414.20  70419.96  70414.20  70419.96  0.30651  1773314050999   21583.596670          184                0.23521            16562.654235      0 2026-03-12 11:14:10+00:00 2026-03-12 11:14:10.999000+00:00
3  1773314051000  70419.95  70419.95  70419.95  70419.95  0.13288  1773314051999    9357.402956            3                0.00000                0.000000      0 2026-03-12 11:14:11+00:00 2026-03-12 11:14:11.999000+00:00
4  1773314052000  70419.96  70419.96  70419.96  70419.96  0.00119  1773314052999      83.799752            1                0.00119               83.799752      0 2026-03-12 11:14:12+00:00 2026-03-12 11:14:12.999000+00:00
2026-03-12 19:44:20.121 | INFO     | __main__:main:121 -           open_time      open      high       low     close   volume     close_time  quote_volume  trade_count  taker_buy_base_volume  taker_buy_quote_volume ignore             open_datetime                   close_datetime
1795  1773315843000  70688.04  70688.04  70682.40  70682.40  0.15535  1773315843999  10980.949726           70                0.00285              201.460914      0 2026-03-12 11:44:03+00:00 2026-03-12 11:44:03.999000+00:00
1796  1773315844000  70682.40  70682.40  70675.20  70675.20  0.10307  1773315844999   7285.110994           83                0.00000                0.000000      0 2026-03-12 11:44:04+00:00 2026-03-12 11:44:04.999000+00:00
1797  1773315845000  70675.19  70675.20  70673.46  70673.46  0.11800  1773315845999   8339.670680           61                0.00014                9.894528      0 2026-03-12 11:44:05+00:00 2026-03-12 11:44:05.999000+00:00
1798  1773315846000  70673.45  70673.45  70673.42  70673.43  0.08319  1773315846999   5879.323019           45                0.06299             4451.719356      0 2026-03-12 11:44:06+00:00 2026-03-12 11:44:06.999000+00:00
1799  1773315847000  70673.43  70673.43  70673.43  70673.43  0.00000  1773315847999      0.000000            0                0.00000                0.000000      0 2026-03-12 11:44:07+00:00 2026-03-12 11:44:07.999000+00:00
